Build started 07/04/2016 09:53:11.
     1>Project "C:\Users\lab422\Documents\ReaderWriter\ReaderWriterOutput\ReaderWriterOutput.vcxproj" on node 2 (Build target(s)).
     1>ClCompile:
         C:\Program Files (x86)\Microsoft Visual Studio 14.0\VC\bin\CL.exe /c /IC:\SDL\include /ZI /nologo /W3 /WX- /sdl /Od /Oy- /D WIN32 /D _DEBUG /D _CONSOLE /D _LIB /D _UNICODE /D UNICODE /Gm /EHsc /RTC1 /MDd /GS /fp:precise /Zc:wchar_t /Zc:forScope /Zc:inline /Yu"stdafx.h" /Fp"Debug\ReaderWriterOutput.pch" /Fo"Debug\\" /Fd"Debug\vc140.pdb" /Gd /TP /analyze- /errorReport:prompt ReaderWriterOutput.cpp
         ReaderWriterOutput.cpp
       Link:
         C:\Program Files (x86)\Microsoft Visual Studio 14.0\VC\bin\link.exe /ERRORREPORT:PROMPT /OUT:"C:\Users\lab422\Documents\ReaderWriter\Debug\ReaderWriterOutput.exe" /INCREMENTAL /NOLOGO /LIBPATH:C:\SDL\lib\x86 SDL2_net.lib SDL2.lib SDL2main.lib SDL2_Mixer.lib SDL2_image.lib SDL2_ttf.lib kernel32.lib user32.lib gdi32.lib winspool.lib comdlg32.lib advapi32.lib shell32.lib ole32.lib oleaut32.lib uuid.lib odbc32.lib odbccp32.lib /MANIFEST /MANIFESTUAC:"level='asInvoker' uiAccess='false'" /manifest:embed /Debug /PDB:"C:\Users\lab422\Documents\ReaderWriter\Debug\ReaderWriterOutput.pdb" /SUBSYSTEM:CONSOLE /TLBID:1 /DYNAMICBASE /NXCOMPAT /IMPLIB:"C:\Users\lab422\Documents\ReaderWriter\Debug\ReaderWriterOutput.lib" /MACHINE:X86 Debug\ReaderWriterOutput.obj
         Debug\stdafx.obj
     1>ReaderWriterOutput.obj : error LNK2019: unresolved external symbol "int __cdecl Reader(void *)" (?Reader@@YAHPAX@Z) referenced in function _wmain
     1>ReaderWriterOutput.obj : error LNK2019: unresolved external symbol "int __cdecl Writer(void *)" (?Writer@@YAHPAX@Z) referenced in function _wmain
     1>C:\Users\lab422\Documents\ReaderWriter\Debug\ReaderWriterOutput.exe : fatal error LNK1120: 2 unresolved externals
     1>Done Building Project "C:\Users\lab422\Documents\ReaderWriter\ReaderWriterOutput\ReaderWriterOutput.vcxproj" (Build target(s)) -- FAILED.

Build FAILED.

Time Elapsed 00:00:00.76
